\BOOKMARK [0][-]{chapter.1}{\376\377\000E\000i\000n\000l\000e\000i\000t\000u\000n\000g}{}% 1
\BOOKMARK [1][-]{section.1.1}{\376\377\000M\000o\000t\000i\000v\000a\000t\000i\000o\000n}{chapter.1}% 2
\BOOKMARK [1][-]{section.1.2}{\376\377\000Z\000i\000e\000l\000e\000\040\000d\000e\000r\000\040\000A\000r\000b\000e\000i\000t}{chapter.1}% 3
\BOOKMARK [0][-]{chapter.2}{\376\377\000V\000e\000r\000w\000a\000n\000d\000t\000e\000\040\000A\000r\000b\000e\000i\000t\000e\000n}{}% 4
\BOOKMARK [0][-]{chapter.3}{\376\377\000G\000r\000u\000n\000d\000l\000a\000g\000e\000n}{}% 5
\BOOKMARK [1][-]{section.3.1}{\376\377\000H\000T\000M\000L\000,\000\040\000C\000S\000S\000,\000\040\000J\000S}{chapter.3}% 6
\BOOKMARK [2][-]{subsection.3.1.1}{\376\377\000H\000T\000M\000L}{section.3.1}% 7
\BOOKMARK [2][-]{subsection.3.1.2}{\376\377\000L\000e\000s\000s}{section.3.1}% 8
\BOOKMARK [2][-]{subsection.3.1.3}{\376\377\000J\000a\000v\000a\000S\000c\000r\000i\000p\000t}{section.3.1}% 9
\BOOKMARK [1][-]{section.3.2}{\376\377\000N\000o\000d\000e\000.\000j\000s}{chapter.3}% 10
\BOOKMARK [2][-]{subsection.3.2.1}{\376\377\000E\000x\000p\000r\000e\000s\000s}{section.3.2}% 11
\BOOKMARK [2][-]{subsection.3.2.2}{\376\377\000N\000o\000d\000e\000m\000a\000i\000l\000e\000r}{section.3.2}% 12
\BOOKMARK [2][-]{subsection.3.2.3}{\376\377\000F\000o\000r\000m\000i\000d\000a\000b\000l\000e}{section.3.2}% 13
\BOOKMARK [1][-]{section.3.3}{\376\377\000M\000o\000n\000g\000o\000D\000B}{chapter.3}% 14
\BOOKMARK [0][-]{chapter.4}{\376\377\000K\000o\000n\000z\000e\000p\000t}{}% 15
\BOOKMARK [0][-]{chapter.5}{\376\377\000R\000e\000a\000l\000i\000s\000i\000e\000r\000u\000n\000g}{}% 16
\BOOKMARK [0][-]{chapter.6}{\376\377\000I\000m\000p\000l\000e\000m\000e\000n\000t\000i\000e\000r\000u\000n\000g}{}% 17
\BOOKMARK [0][-]{chapter.7}{\376\377\000B\000e\000i\000s\000p\000i\000e\000l\000e}{}% 18
\BOOKMARK [1][-]{section.7.1}{\376\377\000W\000a\000r\000u\000m\000\040\000e\000x\000i\000s\000t\000i\000e\000r\000e\000n\000\040\000u\000n\000t\000e\000r\000s\000c\000h\000i\000e\000d\000l\000i\000c\000h\000e\000\040\000K\000o\000n\000s\000i\000s\000t\000e\000n\000z\000m\000o\000d\000e\000l\000l\000e\000?}{chapter.7}% 19
\BOOKMARK [1][-]{section.7.2}{\376\377\000K\000l\000a\000s\000s\000i\000f\000i\000z\000i\000e\000r\000u\000n\000g\000\040\000e\000i\000n\000e\000s\000\040\000K\000o\000n\000s\000i\000s\000t\000e\000n\000z\000m\000o\000d\000e\000l\000l\000s}{chapter.7}% 20
\BOOKMARK [1][-]{section.7.3}{\376\377\000L\000i\000n\000e\000a\000r\000i\000s\000i\000e\000r\000b\000a\000r\000k\000e\000i\000t\000\040\000\050\000a\000t\000o\000m\000i\000c\000\040\000c\000o\000n\000s\000i\000s\000t\000e\000n\000c\000y\000\051}{chapter.7}% 21
\BOOKMARK [0][-]{chapter.8}{\376\377\000A\000n\000w\000e\000n\000d\000u\000n\000g\000s\000s\000z\000e\000n\000a\000r\000i\000e\000n}{}% 22
\BOOKMARK [0][-]{chapter.9}{\376\377\000Z\000u\000s\000a\000m\000m\000e\000n\000f\000a\000s\000s\000u\000n\000g\000\040\000u\000n\000d\000\040\000A\000u\000s\000b\000l\000i\000c\000k}{}% 23
\BOOKMARK [0][-]{chapter*.10}{\376\377\000L\000i\000t\000e\000r\000a\000t\000u\000r\000v\000e\000r\000z\000e\000i\000c\000h\000n\000i\000s}{}% 24
\BOOKMARK [0][-]{appendix.A}{\376\377\000S\000e\000l\000b\000s\000t\000s\000t\000\344\000n\000d\000i\000g\000k\000e\000i\000t\000s\000e\000r\000k\000l\000\344\000r\000u\000n\000g}{}% 25
